"gcc" -MM -MP -MT "build/kernel/threads.s" -MF "build/kernel/threads.s.d" "kernel/threads.c"
"../Dioptase-Languages/Dioptase-C-Compiler/build/release/bcc" -s -kernel -o "build/kernel/threads.s" "kernel/threads.c" -g
| Hello from Dioptase BIOS!
| Looking for boot device...
| Valid MBR found. Loading kernel...
| Entering kernel...
| Core 0 starting up...
| Hello from Dioptase Kernel!
| Num cores: 1
| Mem size: 128MiB
| Initializing heap...
| Heap init (start=0x100000, size=0x700000)
| Heap range 0x100000 - 0x800000
| Registering spurious interrupt handlers...
| Initializing PIT...
| Initializing threads...
| Initializing sd driver...
| Waking up other cores...
| Core 0 initializing interrupts...
| Core 0 creating idle thread context...
| Core 0 enabling interrupts...
| Core 0 waiting at start barrier...
***threads preempt test start
